This file contains any messages produced by compilers while
running configure, to aid debugging if configure makes a mistake.

It was created by zimlib configure 1.4, which was
generated by GNU Autoconf 2.69.  Invocation command line was

  $ ./configure 

## --------- ##
## Platform. ##
## --------- ##

hostname = rubi
uname -m = x86_64
uname -r = 4.10.13-1-default
uname -s = Linux
uname -v = #1 SMP PREEMPT Thu Apr 27 12:23:31 UTC 2017 (e5d11ce)

/usr/bin/uname -p = x86_64
/bin/uname -X     = unknown

/bin/arch              = x86_64
/usr/bin/arch -k       = unknown
/usr/convex/getsysinfo = unknown
/usr/bin/hostinfo      = unknown
/bin/machine           = unknown
/usr/bin/oslevel       = unknown
/bin/universe          = unknown

PATH: /home/mkiol/bin
PATH: /usr/local/bin
PATH: /usr/bin
PATH: /bin
PATH: /home/mkiol/.local/ant/bin
PATH: /home/mkiol/.local/ant/bin


## ----------- ##
## Core tests. ##
## ----------- ##

configure:2372: loading site script /usr/share/site/x86_64-unknown-linux-gnu
| #!/bin/sh
| # Site script for configure. It is resourced via $CONFIG_SITE environment varaible.
| 
| # If user did not specify libdir, guess the correct target:
| # Use lib64 for 64 bit bi-arch targets, keep the default for the rest.
| if test "$libdir" = '${exec_prefix}/lib' ; then
| 
| 	ac_config_site_64bit_host=NONE
| 
| 	case "$host" in
| 	"" )
| 		# User did not specify host target.
| 		# The native platform x86_64 is a bi-arch platform.
| 		# Try to detect cross-compilation to inferior architecture.
| 
| 		# We are trying to guess 32-bit target compilation. It's not as easy as
| 		# it sounds, as there is possible several intermediate combinations.
| 		ac_config_site_cross_to_32bit_host=NONE
| 
| 		# User defined -m32 in CFLAGS or CXXFLAGS or CC or CXX:
| 		# (It's sufficient for 32-bit, but alone may cause mis-behavior of some checks.)
| 		case "$CFLAGS $CXXFLAGS $CC $CXX" in
| 		*-m32*)
| 			ac_config_site_cross_to_32bit_host=YES
| 			;;
| 		esac
| 
| 		# Running with linux32:
| 		# (Changes detected platform, but not the toolchain target.)
| 		case "`/bin/uname -i`" in
| 		x86_64 | ppc64 | s390x )
| 			;;
| 		* )
| 			ac_config_site_cross_to_32bit_host=YES
| 			;;
| 		esac
| 
| 		if test "x$ac_config_site_cross_to_32bit_host" = xNONE; then
| 			ac_config_site_64bit_host=YES
| 		fi
| 
| 		;;
| 	*x86_64* | *ppc64* | *s390x* )
| 		ac_config_site_64bit_host=YES
| 		;;
| 	esac
| 
| 	if test "x$ac_config_site_64bit_host" = xYES; then
| 		libdir='${exec_prefix}/lib64'
| 	fi
| fi
| 
| # If user did not specify libexecdir, set the correct target:
| # Nor FHS nor openSUSE allow prefix/libexec. Let's default to prefix/lib.
| 
| if test "$libexecdir" = '${exec_prefix}/libexec' ; then
| 	libexecdir='${exec_prefix}/lib'
| fi
| 
| # Continue with the standard behavior of configure defined in AC_SITE_LOAD:
| if test "x$prefix" != xNONE; then
| 	ac_site_file1=$prefix/share/config.site
| 	ac_site_file2=$prefix/etc/config.site
| else
| 	ac_site_file1=$ac_default_prefix/share/config.site
| 	ac_site_file2=$ac_default_prefix/etc/config.site
| fi
| for ac_site_file in "$ac_site_file1" "$ac_site_file2"
| do
| 	test "x$ac_site_file" = xNONE && continue
| 	if test /dev/null != "$ac_site_file" && test -r "$ac_site_file"; then
| 		{ $as_echo "/usr/share/site/x86_64-unknown-linux-gnu:${as_lineno-$LINENO}: loading site script $ac_site_file" >&5
| $as_echo "/usr/share/site/x86_64-unknown-linux-gnu: loading site script $ac_site_file" >&6;}
| 		sed 's/^/| /' "$ac_site_file" >&5
| 		. "$ac_site_file" \
| 			|| { { $as_echo "/usr/share/site/x86_64-unknown-linux-gnu:${as_lineno-$LINENO}: error: in \`$ac_pwd':" >&5
| $as_echo "/usr/share/site/x86_64-unknown-linux-gnu: error: in \`$ac_pwd':" >&2;}
| as_fn_error $? "failed to load site script $ac_site_file
| See \`config.log' for more details" "$LINENO" 5; }
| 	fi
| done
configure:2513: checking for a BSD-compatible install
configure:2581: result: /usr/bin/install -c
configure:2592: checking whether build environment is sane
configure:2647: result: yes
configure:2798: checking for a thread-safe mkdir -p
configure:2837: result: /usr/bin/mkdir -p
configure:2844: checking for gawk
configure:2860: found /usr/bin/gawk
configure:2871: result: gawk
configure:2882: checking whether make sets $(MAKE)
configure:2904: result: yes
configure:2933: checking whether make supports nested variables
configure:2950: result: yes
configure:3136: checking for gcc
configure:3152: found /usr/bin/gcc
configure:3163: result: gcc
configure:3392: checking for C compiler version
configure:3401: gcc --version >&5
gcc (SUSE Linux) 6.3.1 20170202 [gcc-6-branch revision 245119]
Copyright (C) 2016 Free Software Foundation, Inc.
This is free software; see the source for copying conditions.  There is NO
warranty; not even for MERCHANTABILITY or FITNESS FOR A PARTICULAR PURPOSE.

configure:3412: $? = 0
configure:3401: gcc -v >&5
Using built-in specs.
COLLECT_GCC=gcc
COLLECT_LTO_WRAPPER=/usr/lib64/gcc/x86_64-suse-linux/6/lto-wrapper
Target: x86_64-suse-linux
Configured with: ../configure --prefix=/usr --infodir=/usr/share/info --mandir=/usr/share/man --libdir=/usr/lib64 --libexecdir=/usr/lib64 --enable-languages=c,c++,objc,fortran,obj-c++,java,ada,go --enable-offload-targets=hsa --enable-checking=release --with-gxx-include-dir=/usr/include/c++/6 --enable-ssp --disable-libssp --disable-libvtv --disable-libcc1 --enable-plugin --with-bugurl=http://bugs.opensuse.org/ --with-pkgversion='SUSE Linux' --disable-libgcj --with-slibdir=/lib64 --with-system-zlib --enable-__cxa_atexit --enable-libstdcxx-allocator=new --disable-libstdcxx-pch --enable-version-specific-runtime-libs --enable-linker-build-id --enable-linux-futex --enable-gnu-indirect-function --program-suffix=-6 --without-system-libunwind --enable-multilib --with-arch-32=x86-64 --with-tune=generic --build=x86_64-suse-linux --host=x86_64-suse-linux
Thread model: posix
gcc version 6.3.1 20170202 [gcc-6-branch revision 245119] (SUSE Linux) 
configure:3412: $? = 0
configure:3401: gcc -V >&5
gcc: error: unrecognized command line option '-V'
gcc: fatal error: no input files
compilation terminated.
configure:3412: $? = 1
configure:3401: gcc -qversion >&5
gcc: error: unrecognized command line option '-qversion'; did you mean '--version'?
gcc: fatal error: no input files
compilation terminated.
configure:3412: $? = 1
configure:3432: checking whether the C compiler works
configure:3454: gcc    conftest.c  >&5
configure:3458: $? = 0
configure:3506: result: yes
configure:3509: checking for C compiler default output file name
configure:3511: result: a.out
configure:3517: checking for suffix of executables
configure:3524: gcc -o conftest    conftest.c  >&5
configure:3528: $? = 0
configure:3550: result: 
configure:3572: checking whether we are cross compiling
configure:3580: gcc -o conftest    conftest.c  >&5
configure:3584: $? = 0
configure:3591: ./conftest
configure:3595: $? = 0
configure:3610: result: no
configure:3615: checking for suffix of object files
configure:3637: gcc -c   conftest.c >&5
configure:3641: $? = 0
configure:3662: result: o
configure:3666: checking whether we are using the GNU C compiler
configure:3685: gcc -c   conftest.c >&5
configure:3685: $? = 0
configure:3694: result: yes
configure:3703: checking whether gcc accepts -g
configure:3723: gcc -c -g  conftest.c >&5
configure:3723: $? = 0
configure:3764: result: yes
configure:3781: checking for gcc option to accept ISO C89
configure:3844: gcc  -c -g -O2  conftest.c >&5
configure:3844: $? = 0
configure:3857: result: none needed
configure:3882: checking whether gcc understands -c and -o together
configure:3904: gcc -c conftest.c -o conftest2.o
configure:3907: $? = 0
configure:3904: gcc -c conftest.c -o conftest2.o
configure:3907: $? = 0
configure:3919: result: yes
configure:3947: checking for style of include used by make
configure:3975: result: GNU
configure:4001: checking dependency style of gcc
configure:4112: result: gcc3
configure:4186: checking for g++
configure:4216: result: no
configure:4186: checking for c++
configure:4202: found /usr/bin/c++
configure:4213: result: c++
configure:4240: checking for C++ compiler version
configure:4249: c++ --version >&5
c++ (SUSE Linux) 6.3.1 20170202 [gcc-6-branch revision 245119]
Copyright (C) 2016 Free Software Foundation, Inc.
This is free software; see the source for copying conditions.  There is NO
warranty; not even for MERCHANTABILITY or FITNESS FOR A PARTICULAR PURPOSE.

configure:4260: $? = 0
configure:4249: c++ -v >&5
Using built-in specs.
COLLECT_GCC=c++
COLLECT_LTO_WRAPPER=/usr/lib64/gcc/x86_64-suse-linux/6/lto-wrapper
Target: x86_64-suse-linux
Configured with: ../configure --prefix=/usr --infodir=/usr/share/info --mandir=/usr/share/man --libdir=/usr/lib64 --libexecdir=/usr/lib64 --enable-languages=c,c++,objc,fortran,obj-c++,java,ada,go --enable-offload-targets=hsa --enable-checking=release --with-gxx-include-dir=/usr/include/c++/6 --enable-ssp --disable-libssp --disable-libvtv --disable-libcc1 --enable-plugin --with-bugurl=http://bugs.opensuse.org/ --with-pkgversion='SUSE Linux' --disable-libgcj --with-slibdir=/lib64 --with-system-zlib --enable-__cxa_atexit --enable-libstdcxx-allocator=new --disable-libstdcxx-pch --enable-version-specific-runtime-libs --enable-linker-build-id --enable-linux-futex --enable-gnu-indirect-function --program-suffix=-6 --without-system-libunwind --enable-multilib --with-arch-32=x86-64 --with-tune=generic --build=x86_64-suse-linux --host=x86_64-suse-linux
Thread model: posix
gcc version 6.3.1 20170202 [gcc-6-branch revision 245119] (SUSE Linux) 
configure:4260: $? = 0
configure:4249: c++ -V >&5
c++: error: unrecognized command line option '-V'
c++: fatal error: no input files
compilation terminated.
configure:4260: $? = 1
configure:4249: c++ -qversion >&5
c++: error: unrecognized command line option '-qversion'; did you mean '--version'?
c++: fatal error: no input files
compilation terminated.
configure:4260: $? = 1
configure:4264: checking whether we are using the GNU C++ compiler
configure:4283: c++ -c   conftest.cpp >&5
configure:4283: $? = 0
configure:4292: result: yes
configure:4301: checking whether c++ accepts -g
configure:4321: c++ -c -g  conftest.cpp >&5
configure:4321: $? = 0
configure:4362: result: yes
configure:4387: checking dependency style of c++
configure:4498: result: gcc3
configure:4542: checking build system type
configure:4556: result: x86_64-unknown-linux-gnu
configure:4576: checking host system type
configure:4589: result: x86_64-unknown-linux-gnu
configure:4630: checking how to print strings
configure:4657: result: printf
configure:4678: checking for a sed that does not truncate output
configure:4742: result: /usr/bin/sed
configure:4760: checking for grep that handles long lines and -e
configure:4818: result: /usr/bin/grep
configure:4823: checking for egrep
configure:4885: result: /usr/bin/grep -E
configure:4890: checking for fgrep
configure:4952: result: /usr/bin/grep -F
configure:4987: checking for ld used by gcc
configure:5054: result: /usr/x86_64-suse-linux/bin/ld
configure:5061: checking if the linker (/usr/x86_64-suse-linux/bin/ld) is GNU ld
configure:5076: result: yes
configure:5088: checking for BSD- or MS-compatible name lister (nm)
configure:5137: result: /usr/bin/nm -B
configure:5267: checking the name lister (/usr/bin/nm -B) interface
configure:5274: gcc -c -g -O2  conftest.c >&5
configure:5277: /usr/bin/nm -B "conftest.o"
configure:5280: output
0000000000000000 B some_variable
configure:5287: result: BSD nm
configure:5290: checking whether ln -s works
configure:5294: result: yes
configure:5302: checking the maximum length of command line arguments
configure:5433: result: 1572864
configure:5450: checking whether the shell understands some XSI constructs
configure:5460: result: yes
configure:5464: checking whether the shell understands "+="
configure:5470: result: yes
configure:5505: checking how to convert x86_64-unknown-linux-gnu file names to x86_64-unknown-linux-gnu format
configure:5545: result: func_convert_file_noop
configure:5552: checking how to convert x86_64-unknown-linux-gnu file names to toolchain format
configure:5572: result: func_convert_file_noop
configure:5579: checking for /usr/x86_64-suse-linux/bin/ld option to reload object files
configure:5586: result: -r
configure:5660: checking for objdump
configure:5676: found /usr/bin/objdump
configure:5687: result: objdump
configure:5719: checking how to recognize dependent libraries
configure:5917: result: pass_all
configure:6002: checking for dlltool
configure:6032: result: no
configure:6062: checking how to associate runtime and link libraries
configure:6089: result: printf %s\n
configure:6150: checking for ar
configure:6166: found /usr/bin/ar
configure:6177: result: ar
configure:6214: checking for archiver @FILE support
configure:6231: gcc -c -g -O2  conftest.c >&5
configure:6231: $? = 0
configure:6234: ar cru libconftest.a @conftest.lst >&5
configure:6237: $? = 0
configure:6242: ar cru libconftest.a @conftest.lst >&5
ar: conftest.o: No such file or directory
configure:6245: $? = 1
configure:6257: result: @
configure:6315: checking for strip
configure:6331: found /usr/bin/strip
configure:6342: result: strip
configure:6414: checking for ranlib
configure:6430: found /usr/bin/ranlib
configure:6441: result: ranlib
configure:6543: checking command to parse /usr/bin/nm -B output from gcc object
configure:6663: gcc -c -g -O2  conftest.c >&5
configure:6666: $? = 0
configure:6670: /usr/bin/nm -B conftest.o \| sed -n -e 's/^.*[ ]\([ABCDGIRSTW][ABCDGIRSTW]*\)[ ][ ]*\([_A-Za-z][_A-Za-z0-9]*\)$/\1 \2 \2/p' | sed '/ __gnu_lto/d' \> conftest.nm
configure:6673: $? = 0
configure:6739: gcc -o conftest -g -O2   conftest.c conftstm.o >&5
configure:6742: $? = 0
configure:6780: result: ok
configure:6817: checking for sysroot
configure:6847: result: no
configure:6924: gcc -c -g -O2  conftest.c >&5
configure:6927: $? = 0
configure:7116: checking for mt
configure:7132: found /usr/bin/mt
configure:7143: result: mt
configure:7166: checking if mt is a manifest tool
configure:7172: mt '-?'
usage: mt [-v] [--version] [-h] [ -f device ] command [ count ]
configure:7180: result: no
configure:7822: checking how to run the C preprocessor
configure:7853: gcc -E  conftest.c
configure:7853: $? = 0
configure:7867: gcc -E  conftest.c
conftest.c:11:28: fatal error: ac_nonexistent.h: No such file or directory
 #include <ac_nonexistent.h>
                            ^
compilation terminated.
configure:7867: $? = 1
configure: failed program was:
| /* confdefs.h */
| #define PACKAGE_NAME "zimlib"
| #define PACKAGE_TARNAME "zimlib"
| #define PACKAGE_VERSION "1.4"
| #define PACKAGE_STRING "zimlib 1.4"
| #define PACKAGE_BUGREPORT "Tommi Maekitalo <tommi@tntnet.org>"
| #define PACKAGE_URL ""
| #define PACKAGE "zimlib"
| #define VERSION "1.4"
| /* end confdefs.h.  */
| #include <ac_nonexistent.h>
configure:7892: result: gcc -E
configure:7912: gcc -E  conftest.c
configure:7912: $? = 0
configure:7926: gcc -E  conftest.c
conftest.c:11:28: fatal error: ac_nonexistent.h: No such file or directory
 #include <ac_nonexistent.h>
                            ^
compilation terminated.
configure:7926: $? = 1
configure: failed program was:
| /* confdefs.h */
| #define PACKAGE_NAME "zimlib"
| #define PACKAGE_TARNAME "zimlib"
| #define PACKAGE_VERSION "1.4"
| #define PACKAGE_STRING "zimlib 1.4"
| #define PACKAGE_BUGREPORT "Tommi Maekitalo <tommi@tntnet.org>"
| #define PACKAGE_URL ""
| #define PACKAGE "zimlib"
| #define VERSION "1.4"
| /* end confdefs.h.  */
| #include <ac_nonexistent.h>
configure:7955: checking for ANSI C header files
configure:7975: gcc -c -g -O2  conftest.c >&5
configure:7975: $? = 0
configure:8048: gcc -o conftest -g -O2   conftest.c  >&5
configure:8048: $? = 0
configure:8048: ./conftest
configure:8048: $? = 0
configure:8059: result: yes
configure:8072: checking for sys/types.h
configure:8072: gcc -c -g -O2  conftest.c >&5
configure:8072: $? = 0
configure:8072: result: yes
configure:8072: checking for sys/stat.h
configure:8072: gcc -c -g -O2  conftest.c >&5
configure:8072: $? = 0
configure:8072: result: yes
configure:8072: checking for stdlib.h
configure:8072: gcc -c -g -O2  conftest.c >&5
configure:8072: $? = 0
configure:8072: result: yes
configure:8072: checking for string.h
configure:8072: gcc -c -g -O2  conftest.c >&5
configure:8072: $? = 0
configure:8072: result: yes
configure:8072: checking for memory.h
configure:8072: gcc -c -g -O2  conftest.c >&5
configure:8072: $? = 0
configure:8072: result: yes
configure:8072: checking for strings.h
configure:8072: gcc -c -g -O2  conftest.c >&5
configure:8072: $? = 0
configure:8072: result: yes
configure:8072: checking for inttypes.h
configure:8072: gcc -c -g -O2  conftest.c >&5
configure:8072: $? = 0
configure:8072: result: yes
configure:8072: checking for stdint.h
configure:8072: gcc -c -g -O2  conftest.c >&5
configure:8072: $? = 0
configure:8072: result: yes
configure:8072: checking for unistd.h
configure:8072: gcc -c -g -O2  conftest.c >&5
configure:8072: $? = 0
configure:8072: result: yes
configure:8086: checking for dlfcn.h
configure:8086: gcc -c -g -O2  conftest.c >&5
configure:8086: $? = 0
configure:8086: result: yes
configure:8303: checking for objdir
configure:8318: result: .libs
configure:8589: checking if gcc supports -fno-rtti -fno-exceptions
configure:8607: gcc -c -g -O2  -fno-rtti -fno-exceptions conftest.c >&5
cc1: warning: command line option '-fno-rtti' is valid for C++/ObjC++ but not for C
configure:8611: $? = 0
configure:8624: result: no
configure:8951: checking for gcc option to produce PIC
configure:8958: result: -fPIC -DPIC
configure:8966: checking if gcc PIC flag -fPIC -DPIC works
configure:8984: gcc -c -g -O2  -fPIC -DPIC -DPIC conftest.c >&5
configure:8988: $? = 0
configure:9001: result: yes
configure:9030: checking if gcc static flag -static works
configure:9058: result: no
configure:9073: checking if gcc supports -c -o file.o
configure:9094: gcc -c -g -O2  -o out/conftest2.o conftest.c >&5
configure:9098: $? = 0
configure:9120: result: yes
configure:9128: checking if gcc supports -c -o file.o
configure:9175: result: yes
configure:9208: checking whether the gcc linker (/usr/x86_64-suse-linux/bin/ld -m elf_x86_64) supports shared libraries
configure:10365: result: yes
configure:10402: checking whether -lc should be explicitly linked in
configure:10410: gcc -c -g -O2  conftest.c >&5
configure:10413: $? = 0
configure:10428: gcc -shared  -fPIC -DPIC conftest.o  -v -Wl,-soname -Wl,conftest -o conftest 2\>\&1 \| /usr/bin/grep  -lc  \>/dev/null 2\>\&1
configure:10431: $? = 0
configure:10445: result: no
configure:10605: checking dynamic linker characteristics
configure:11105: gcc -o conftest -g -O2   -Wl,-rpath -Wl,/foo conftest.c  >&5
configure:11105: $? = 0
configure:11339: result: GNU/Linux ld.so
configure:11446: checking how to hardcode library paths into programs
configure:11471: result: immediate
configure:12011: checking whether stripping libraries is possible
configure:12016: result: yes
configure:12051: checking if libtool supports shared libraries
configure:12053: result: yes
configure:12056: checking whether to build shared libraries
configure:12077: result: yes
configure:12080: checking whether to build static libraries
configure:12084: result: yes
configure:12107: checking how to run the C++ preprocessor
configure:12134: c++ -E  conftest.cpp
configure:12134: $? = 0
configure:12148: c++ -E  conftest.cpp
conftest.cpp:23:28: fatal error: ac_nonexistent.h: No such file or directory
 #include <ac_nonexistent.h>
                            ^
compilation terminated.
configure:12148: $? = 1
configure: failed program was:
| /* confdefs.h */
| #define PACKAGE_NAME "zimlib"
| #define PACKAGE_TARNAME "zimlib"
| #define PACKAGE_VERSION "1.4"
| #define PACKAGE_STRING "zimlib 1.4"
| #define PACKAGE_BUGREPORT "Tommi Maekitalo <tommi@tntnet.org>"
| #define PACKAGE_URL ""
| #define PACKAGE "zimlib"
| #define VERSION "1.4"
| #define STDC_HEADERS 1
| #define HAVE_SYS_TYPES_H 1
| #define HAVE_SYS_STAT_H 1
| #define HAVE_STDLIB_H 1
| #define HAVE_STRING_H 1
| #define HAVE_MEMORY_H 1
| #define HAVE_STRINGS_H 1
| #define HAVE_INTTYPES_H 1
| #define HAVE_STDINT_H 1
| #define HAVE_UNISTD_H 1
| #define HAVE_DLFCN_H 1
| #define LT_OBJDIR ".libs/"
| /* end confdefs.h.  */
| #include <ac_nonexistent.h>
configure:12173: result: c++ -E
configure:12193: c++ -E  conftest.cpp
configure:12193: $? = 0
configure:12207: c++ -E  conftest.cpp
conftest.cpp:23:28: fatal error: ac_nonexistent.h: No such file or directory
 #include <ac_nonexistent.h>
                            ^
compilation terminated.
configure:12207: $? = 1
configure: failed program was:
| /* confdefs.h */
| #define PACKAGE_NAME "zimlib"
| #define PACKAGE_TARNAME "zimlib"
| #define PACKAGE_VERSION "1.4"
| #define PACKAGE_STRING "zimlib 1.4"
| #define PACKAGE_BUGREPORT "Tommi Maekitalo <tommi@tntnet.org>"
| #define PACKAGE_URL ""
| #define PACKAGE "zimlib"
| #define VERSION "1.4"
| #define STDC_HEADERS 1
| #define HAVE_SYS_TYPES_H 1
| #define HAVE_SYS_STAT_H 1
| #define HAVE_STDLIB_H 1
| #define HAVE_STRING_H 1
| #define HAVE_MEMORY_H 1
| #define HAVE_STRINGS_H 1
| #define HAVE_INTTYPES_H 1
| #define HAVE_STDINT_H 1
| #define HAVE_UNISTD_H 1
| #define HAVE_DLFCN_H 1
| #define LT_OBJDIR ".libs/"
| /* end confdefs.h.  */
| #include <ac_nonexistent.h>
configure:12376: checking for ld used by c++
configure:12443: result: /usr/x86_64-suse-linux/bin/ld -m elf_x86_64
configure:12450: checking if the linker (/usr/x86_64-suse-linux/bin/ld -m elf_x86_64) is GNU ld
configure:12465: result: yes
configure:12520: checking whether the c++ linker (/usr/x86_64-suse-linux/bin/ld -m elf_x86_64) supports shared libraries
configure:13522: result: yes
configure:13558: c++ -c -g -O2  conftest.cpp >&5
configure:13561: $? = 0
configure:14081: checking for c++ option to produce PIC
configure:14088: result: -fPIC -DPIC
configure:14096: checking if c++ PIC flag -fPIC -DPIC works
configure:14114: c++ -c -g -O2  -fPIC -DPIC -DPIC conftest.cpp >&5
configure:14118: $? = 0
configure:14131: result: yes
configure:14154: checking if c++ static flag -static works
configure:14182: result: no
configure:14194: checking if c++ supports -c -o file.o
configure:14215: c++ -c -g -O2  -o out/conftest2.o conftest.cpp >&5
configure:14219: $? = 0
configure:14241: result: yes
configure:14246: checking if c++ supports -c -o file.o
configure:14293: result: yes
configure:14323: checking whether the c++ linker (/usr/x86_64-suse-linux/bin/ld -m elf_x86_64) supports shared libraries
configure:14362: result: yes
configure:14503: checking dynamic linker characteristics
configure:15171: result: GNU/Linux ld.so
configure:15224: checking how to hardcode library paths into programs
configure:15249: result: immediate
configure:15310: checking lzma.h usability
configure:15310: gcc -c -g -O2  conftest.c >&5
conftest.c:56:18: fatal error: lzma.h: No such file or directory
 #include <lzma.h>
                  ^
compilation terminated.
configure:15310: $? = 1
configure: failed program was:
| /* confdefs.h */
| #define PACKAGE_NAME "zimlib"
| #define PACKAGE_TARNAME "zimlib"
| #define PACKAGE_VERSION "1.4"
| #define PACKAGE_STRING "zimlib 1.4"
| #define PACKAGE_BUGREPORT "Tommi Maekitalo <tommi@tntnet.org>"
| #define PACKAGE_URL ""
| #define PACKAGE "zimlib"
| #define VERSION "1.4"
| #define STDC_HEADERS 1
| #define HAVE_SYS_TYPES_H 1
| #define HAVE_SYS_STAT_H 1
| #define HAVE_STDLIB_H 1
| #define HAVE_STRING_H 1
| #define HAVE_MEMORY_H 1
| #define HAVE_STRINGS_H 1
| #define HAVE_INTTYPES_H 1
| #define HAVE_STDINT_H 1
| #define HAVE_UNISTD_H 1
| #define HAVE_DLFCN_H 1
| #define LT_OBJDIR ".libs/"
| /* end confdefs.h.  */
| #include <stdio.h>
| #ifdef HAVE_SYS_TYPES_H
| # include <sys/types.h>
| #endif
| #ifdef HAVE_SYS_STAT_H
| # include <sys/stat.h>
| #endif
| #ifdef STDC_HEADERS
| # include <stdlib.h>
| # include <stddef.h>
| #else
| # ifdef HAVE_STDLIB_H
| #  include <stdlib.h>
| # endif
| #endif
| #ifdef HAVE_STRING_H
| # if !defined STDC_HEADERS && defined HAVE_MEMORY_H
| #  include <memory.h>
| # endif
| # include <string.h>
| #endif
| #ifdef HAVE_STRINGS_H
| # include <strings.h>
| #endif
| #ifdef HAVE_INTTYPES_H
| # include <inttypes.h>
| #endif
| #ifdef HAVE_STDINT_H
| # include <stdint.h>
| #endif
| #ifdef HAVE_UNISTD_H
| # include <unistd.h>
| #endif
| #include <lzma.h>
configure:15310: result: no
configure:15310: checking lzma.h presence
configure:15310: gcc -E  conftest.c
conftest.c:23:18: fatal error: lzma.h: No such file or directory
 #include <lzma.h>
                  ^
compilation terminated.
configure:15310: $? = 1
configure: failed program was:
| /* confdefs.h */
| #define PACKAGE_NAME "zimlib"
| #define PACKAGE_TARNAME "zimlib"
| #define PACKAGE_VERSION "1.4"
| #define PACKAGE_STRING "zimlib 1.4"
| #define PACKAGE_BUGREPORT "Tommi Maekitalo <tommi@tntnet.org>"
| #define PACKAGE_URL ""
| #define PACKAGE "zimlib"
| #define VERSION "1.4"
| #define STDC_HEADERS 1
| #define HAVE_SYS_TYPES_H 1
| #define HAVE_SYS_STAT_H 1
| #define HAVE_STDLIB_H 1
| #define HAVE_STRING_H 1
| #define HAVE_MEMORY_H 1
| #define HAVE_STRINGS_H 1
| #define HAVE_INTTYPES_H 1
| #define HAVE_STDINT_H 1
| #define HAVE_UNISTD_H 1
| #define HAVE_DLFCN_H 1
| #define LT_OBJDIR ".libs/"
| /* end confdefs.h.  */
| #include <lzma.h>
configure:15310: result: no
configure:15310: checking for lzma.h
configure:15310: result: no
configure:15314: error: lzma header files not found

## ---------------- ##
## Cache variables. ##
## ---------------- ##

ac_cv_build=x86_64-unknown-linux-gnu
ac_cv_c_compiler_gnu=yes
ac_cv_cxx_compiler_gnu=yes
ac_cv_env_CCC_set=
ac_cv_env_CCC_value=
ac_cv_env_CC_set=
ac_cv_env_CC_value=
ac_cv_env_CFLAGS_set=
ac_cv_env_CFLAGS_value=
ac_cv_env_CPPFLAGS_set=
ac_cv_env_CPPFLAGS_value=
ac_cv_env_CPP_set=
ac_cv_env_CPP_value=
ac_cv_env_CXXCPP_set=
ac_cv_env_CXXCPP_value=
ac_cv_env_CXXFLAGS_set=
ac_cv_env_CXXFLAGS_value=
ac_cv_env_CXX_set=
ac_cv_env_CXX_value=
ac_cv_env_LDFLAGS_set=
ac_cv_env_LDFLAGS_value=
ac_cv_env_LIBS_set=
ac_cv_env_LIBS_value=
ac_cv_env_build_alias_set=
ac_cv_env_build_alias_value=
ac_cv_env_host_alias_set=
ac_cv_env_host_alias_value=
ac_cv_env_target_alias_set=
ac_cv_env_target_alias_value=
ac_cv_header_dlfcn_h=yes
ac_cv_header_inttypes_h=yes
ac_cv_header_lzma_h=no
ac_cv_header_memory_h=yes
ac_cv_header_stdc=yes
ac_cv_header_stdint_h=yes
ac_cv_header_stdlib_h=yes
ac_cv_header_string_h=yes
ac_cv_header_strings_h=yes
ac_cv_header_sys_stat_h=yes
ac_cv_header_sys_types_h=yes
ac_cv_header_unistd_h=yes
ac_cv_host=x86_64-unknown-linux-gnu
ac_cv_objext=o
ac_cv_path_EGREP='/usr/bin/grep -E'
ac_cv_path_FGREP='/usr/bin/grep -F'
ac_cv_path_GREP=/usr/bin/grep
ac_cv_path_SED=/usr/bin/sed
ac_cv_path_install='/usr/bin/install -c'
ac_cv_path_mkdir=/usr/bin/mkdir
ac_cv_prog_AWK=gawk
ac_cv_prog_CPP='gcc -E'
ac_cv_prog_CXXCPP='c++ -E'
ac_cv_prog_ac_ct_AR=ar
ac_cv_prog_ac_ct_CC=gcc
ac_cv_prog_ac_ct_CXX=c++
ac_cv_prog_ac_ct_MANIFEST_TOOL=mt
ac_cv_prog_ac_ct_OBJDUMP=objdump
ac_cv_prog_ac_ct_RANLIB=ranlib
ac_cv_prog_ac_ct_STRIP=strip
ac_cv_prog_cc_c89=
ac_cv_prog_cc_g=yes
ac_cv_prog_cxx_g=yes
ac_cv_prog_make_make_set=yes
am_cv_CC_dependencies_compiler_type=gcc3
am_cv_CXX_dependencies_compiler_type=gcc3
am_cv_make_support_nested_variables=yes
am_cv_prog_cc_c_o=yes
lt_cv_ar_at_file=@
lt_cv_archive_cmds_need_lc=no
lt_cv_deplibs_check_method=pass_all
lt_cv_file_magic_cmd='$MAGIC_CMD'
lt_cv_file_magic_test_file=
lt_cv_ld_reload_flag=-r
lt_cv_nm_interface='BSD nm'
lt_cv_objdir=.libs
lt_cv_path_LD=/usr/x86_64-suse-linux/bin/ld
lt_cv_path_LDCXX='/usr/x86_64-suse-linux/bin/ld -m elf_x86_64'
lt_cv_path_NM='/usr/bin/nm -B'
lt_cv_path_mainfest_tool=no
lt_cv_prog_compiler_c_o=yes
lt_cv_prog_compiler_c_o_CXX=yes
lt_cv_prog_compiler_pic='-fPIC -DPIC'
lt_cv_prog_compiler_pic_CXX='-fPIC -DPIC'
lt_cv_prog_compiler_pic_works=yes
lt_cv_prog_compiler_pic_works_CXX=yes
lt_cv_prog_compiler_rtti_exceptions=no
lt_cv_prog_compiler_static_works=no
lt_cv_prog_compiler_static_works_CXX=no
lt_cv_prog_gnu_ld=yes
lt_cv_prog_gnu_ldcxx=yes
lt_cv_sharedlib_from_linklib_cmd='printf %s\n'
lt_cv_shlibpath_overrides_runpath=yes
lt_cv_sys_global_symbol_pipe='sed -n -e '\''s/^.*[	 ]\([ABCDGIRSTW][ABCDGIRSTW]*\)[	 ][	 ]*\([_A-Za-z][_A-Za-z0-9]*\)$/\1 \2 \2/p'\'' | sed '\''/ __gnu_lto/d'\'''
lt_cv_sys_global_symbol_to_c_name_address='sed -n -e '\''s/^: \([^ ]*\)[ ]*$/  {\"\1\", (void *) 0},/p'\'' -e '\''s/^[ABCDGIRSTW]* \([^ ]*\) \([^ ]*\)$/  {"\2", (void *) \&\2},/p'\'''
lt_cv_sys_global_symbol_to_c_name_address_lib_prefix='sed -n -e '\''s/^: \([^ ]*\)[ ]*$/  {\"\1\", (void *) 0},/p'\'' -e '\''s/^[ABCDGIRSTW]* \([^ ]*\) \(lib[^ ]*\)$/  {"\2", (void *) \&\2},/p'\'' -e '\''s/^[ABCDGIRSTW]* \([^ ]*\) \([^ ]*\)$/  {"lib\2", (void *) \&\2},/p'\'''
lt_cv_sys_global_symbol_to_cdecl='sed -n -e '\''s/^T .* \(.*\)$/extern int \1();/p'\'' -e '\''s/^[ABCDGIRSTW]* .* \(.*\)$/extern char \1;/p'\'''
lt_cv_sys_max_cmd_len=1572864
lt_cv_to_host_file_cmd=func_convert_file_noop
lt_cv_to_tool_file_cmd=func_convert_file_noop

## ----------------- ##
## Output variables. ##
## ----------------- ##

ACLOCAL='${SHELL} /home/mkiol/dev/Zimpedia/sailfish/zimlib/missing aclocal-1.14'
AMDEPBACKSLASH='\'
AMDEP_FALSE='#'
AMDEP_TRUE=''
AMTAR='$${TAR-tar}'
AM_BACKSLASH='\'
AM_DEFAULT_V='$(AM_DEFAULT_VERBOSITY)'
AM_DEFAULT_VERBOSITY='1'
AM_V='$(V)'
AR='ar'
AUTOCONF='${SHELL} /home/mkiol/dev/Zimpedia/sailfish/zimlib/missing autoconf'
AUTOHEADER='${SHELL} /home/mkiol/dev/Zimpedia/sailfish/zimlib/missing autoheader'
AUTOMAKE='${SHELL} /home/mkiol/dev/Zimpedia/sailfish/zimlib/missing automake-1.14'
AWK='gawk'
CC='gcc'
CCDEPMODE='depmode=gcc3'
CFLAGS='-g -O2'
CPP='gcc -E'
CPPFLAGS=''
CXX='c++'
CXXCPP='c++ -E'
CXXDEPMODE='depmode=gcc3'
CXXFLAGS='-g -O2'
CYGPATH_W='echo'
DEFS=''
DEPDIR='.deps'
DLLTOOL='false'
DSYMUTIL=''
DUMPBIN=''
ECHO_C=''
ECHO_N='-n'
ECHO_T=''
EGREP='/usr/bin/grep -E'
EXEEXT=''
FGREP='/usr/bin/grep -F'
GREP='/usr/bin/grep'
INSTALL_DATA='${INSTALL} -m 644'
INSTALL_PROGRAM='${INSTALL}'
INSTALL_SCRIPT='${INSTALL}'
INSTALL_STRIP_PROGRAM='$(install_sh) -c -s'
LD='/usr/x86_64-suse-linux/bin/ld -m elf_x86_64'
LDFLAGS=''
LIBOBJS=''
LIBS=''
LIBTOOL='$(SHELL) $(top_builddir)/libtool'
LIPO=''
LN_S='ln -s'
LTLIBOBJS=''
MAKEINFO='${SHELL} /home/mkiol/dev/Zimpedia/sailfish/zimlib/missing makeinfo'
MAKE_BENCHMARK_FALSE=''
MAKE_BENCHMARK_TRUE=''
MAKE_UNITTEST_FALSE=''
MAKE_UNITTEST_TRUE=''
MANIFEST_TOOL=':'
MKDIR_P='/usr/bin/mkdir -p'
NM='/usr/bin/nm -B'
NMEDIT=''
OBJDUMP='objdump'
OBJEXT='o'
OTOOL64=''
OTOOL=''
PACKAGE='zimlib'
PACKAGE_BUGREPORT='Tommi Maekitalo <tommi@tntnet.org>'
PACKAGE_NAME='zimlib'
PACKAGE_STRING='zimlib 1.4'
PACKAGE_TARNAME='zimlib'
PACKAGE_URL=''
PACKAGE_VERSION='1.4'
PATH_SEPARATOR=':'
RANLIB='ranlib'
SED='/usr/bin/sed'
SET_MAKE=''
SHELL='/bin/sh'
STRIP='strip'
VERSION='1.4'
WITH_BZIP2_FALSE=''
WITH_BZIP2_TRUE=''
WITH_CXXTOOLS_FALSE=''
WITH_CXXTOOLS_TRUE=''
WITH_LZMA_FALSE=''
WITH_LZMA_TRUE=''
WITH_ZLIB_FALSE=''
WITH_ZLIB_TRUE=''
ac_ct_AR='ar'
ac_ct_CC='gcc'
ac_ct_CXX='c++'
ac_ct_DUMPBIN=''
am__EXEEXT_FALSE=''
am__EXEEXT_TRUE=''
am__fastdepCC_FALSE='#'
am__fastdepCC_TRUE=''
am__fastdepCXX_FALSE='#'
am__fastdepCXX_TRUE=''
am__include='include'
am__isrc=''
am__leading_dot='.'
am__nodep='_no'
am__quote=''
am__tar='$${TAR-tar} chof - "$$tardir"'
am__untar='$${TAR-tar} xf -'
bindir='${exec_prefix}/bin'
build='x86_64-unknown-linux-gnu'
build_alias=''
build_cpu='x86_64'
build_os='linux-gnu'
build_vendor='unknown'
datadir='${datarootdir}'
datarootdir='${prefix}/share'
docdir='${datarootdir}/doc/${PACKAGE_TARNAME}'
dvidir='${docdir}'
exec_prefix='NONE'
host='x86_64-unknown-linux-gnu'
host_alias=''
host_cpu='x86_64'
host_os='linux-gnu'
host_vendor='unknown'
htmldir='${docdir}'
includedir='${prefix}/include'
infodir='${datarootdir}/info'
install_sh='${SHELL} /home/mkiol/dev/Zimpedia/sailfish/zimlib/install-sh'
libdir='${exec_prefix}/lib64'
libexecdir='${exec_prefix}/lib'
localedir='${datarootdir}/locale'
localstatedir='${prefix}/var'
mandir='${datarootdir}/man'
mkdir_p='$(MKDIR_P)'
oldincludedir='/usr/include'
pdfdir='${docdir}'
prefix='NONE'
program_transform_name='s,x,x,'
psdir='${docdir}'
sbindir='${exec_prefix}/sbin'
sharedstatedir='${prefix}/com'
sonumber='2:0:0'
sysconfdir='${prefix}/etc'
target_alias=''

## ----------- ##
## confdefs.h. ##
## ----------- ##

/* confdefs.h */
#define PACKAGE_NAME "zimlib"
#define PACKAGE_TARNAME "zimlib"
#define PACKAGE_VERSION "1.4"
#define PACKAGE_STRING "zimlib 1.4"
#define PACKAGE_BUGREPORT "Tommi Maekitalo <tommi@tntnet.org>"
#define PACKAGE_URL ""
#define PACKAGE "zimlib"
#define VERSION "1.4"
#define STDC_HEADERS 1
#define HAVE_SYS_TYPES_H 1
#define HAVE_SYS_STAT_H 1
#define HAVE_STDLIB_H 1
#define HAVE_STRING_H 1
#define HAVE_MEMORY_H 1
#define HAVE_STRINGS_H 1
#define HAVE_INTTYPES_H 1
#define HAVE_STDINT_H 1
#define HAVE_UNISTD_H 1
#define HAVE_DLFCN_H 1
#define LT_OBJDIR ".libs/"

configure: exit 1
